mode: atomic
github.com/njasm/marionette_client/drivererror.go:9.37,11.2 1 0
github.com/njasm/marionette_client/drivererror.go:13.38,15.2 1 0
github.com/njasm/marionette_client/wait.go:18.29,20.2 1 2
github.com/njasm/marionette_client/wait.go:22.47,23.33 1 2
github.com/njasm/marionette_client/wait.go:28.2,29.10 2 2
github.com/njasm/marionette_client/wait.go:23.33,26.3 2 0
github.com/njasm/marionette_client/wait.go:32.96,35.42 3 2
github.com/njasm/marionette_client/wait.go:53.2,53.60 1 0
github.com/njasm/marionette_client/wait.go:35.42,39.17 3 2
github.com/njasm/marionette_client/wait.go:46.3,46.9 1 2
github.com/njasm/marionette_client/wait.go:50.3,50.26 1 0
github.com/njasm/marionette_client/wait.go:39.17,41.10 2 1
github.com/njasm/marionette_client/wait.go:41.10,43.5 1 0
github.com/njasm/marionette_client/wait.go:46.9,48.4 1 2
github.com/njasm/marionette_client/by.go:45.29,47.2 1 8
github.com/njasm/marionette_client/client.go:28.26,33.2 1 1
github.com/njasm/marionette_client/client.go:35.43,37.2 1 1
github.com/njasm/marionette_client/client.go:39.37,41.2 1 1
github.com/njasm/marionette_client/client.go:43.55,45.2 1 1
github.com/njasm/marionette_client/client.go:54.56,56.16 2 1
github.com/njasm/marionette_client/client.go:60.2,62.16 3 1
github.com/njasm/marionette_client/client.go:66.2,67.17 2 1
github.com/njasm/marionette_client/client.go:56.16,58.3 1 0
github.com/njasm/marionette_client/client.go:62.16,64.3 1 0
github.com/njasm/marionette_client/client.go:75.85,82.16 3 1
github.com/njasm/marionette_client/client.go:86.2,87.16 2 1
github.com/njasm/marionette_client/client.go:91.2,91.22 1 1
github.com/njasm/marionette_client/client.go:82.16,84.3 1 0
github.com/njasm/marionette_client/client.go:87.16,89.3 1 0
github.com/njasm/marionette_client/client.go:95.40,97.16 2 1
github.com/njasm/marionette_client/client.go:101.2,101.12 1 1
github.com/njasm/marionette_client/client.go:97.16,99.3 1 0
github.com/njasm/marionette_client/client.go:108.72,110.2 1 1
github.com/njasm/marionette_client/client.go:116.72,118.2 1 1
github.com/njasm/marionette_client/client.go:124.70,126.2 1 1
github.com/njasm/marionette_client/client.go:134.88,136.16 2 3
github.com/njasm/marionette_client/client.go:140.2,140.15 1 3
github.com/njasm/marionette_client/client.go:136.16,138.3 1 0
github.com/njasm/marionette_client/client.go:148.53,150.2 1 2
github.com/njasm/marionette_client/client.go:153.58,155.16 2 6
github.com/njasm/marionette_client/client.go:159.2,159.15 1 6
github.com/njasm/marionette_client/client.go:155.16,157.3 1 0
github.com/njasm/marionette_client/client.go:163.42,165.16 2 1
github.com/njasm/marionette_client/client.go:169.2,171.16 3 1
github.com/njasm/marionette_client/client.go:175.2,175.24 1 1
github.com/njasm/marionette_client/client.go:165.16,167.3 1 0
github.com/njasm/marionette_client/client.go:171.16,173.3 1 0
github.com/njasm/marionette_client/client.go:179.47,181.2 1 3
github.com/njasm/marionette_client/client.go:184.40,186.16 2 3
github.com/njasm/marionette_client/client.go:190.2,192.16 3 3
github.com/njasm/marionette_client/client.go:196.2,196.26 1 3
github.com/njasm/marionette_client/client.go:186.16,188.3 1 0
github.com/njasm/marionette_client/client.go:192.16,194.3 1 0
github.com/njasm/marionette_client/client.go:200.34,202.16 2 1
github.com/njasm/marionette_client/client.go:206.2,206.12 1 1
github.com/njasm/marionette_client/client.go:202.16,204.3 1 0
github.com/njasm/marionette_client/client.go:210.31,212.16 2 1
github.com/njasm/marionette_client/client.go:216.2,216.12 1 1
github.com/njasm/marionette_client/client.go:212.16,214.3 1 0
github.com/njasm/marionette_client/client.go:220.34,222.16 2 1
github.com/njasm/marionette_client/client.go:226.2,226.12 1 1
github.com/njasm/marionette_client/client.go:222.16,224.3 1 0
github.com/njasm/marionette_client/client.go:235.71,237.16 2 1
github.com/njasm/marionette_client/client.go:241.2,241.22 1 1
github.com/njasm/marionette_client/client.go:237.16,239.3 1 0
github.com/njasm/marionette_client/client.go:245.44,247.16 2 1
github.com/njasm/marionette_client/client.go:251.2,251.22 1 1
github.com/njasm/marionette_client/client.go:247.16,249.3 1 0
github.com/njasm/marionette_client/client.go:260.63,262.16 2 6
github.com/njasm/marionette_client/client.go:266.2,266.22 1 6
github.com/njasm/marionette_client/client.go:262.16,264.3 1 0
github.com/njasm/marionette_client/client.go:270.47,272.16 2 1
github.com/njasm/marionette_client/client.go:276.2,276.22 1 1
github.com/njasm/marionette_client/client.go:272.16,274.3 1 0
github.com/njasm/marionette_client/client.go:283.56,285.16 2 1
github.com/njasm/marionette_client/client.go:289.2,291.16 3 1
github.com/njasm/marionette_client/client.go:294.2,294.24 1 1
github.com/njasm/marionette_client/client.go:285.16,287.3 1 0
github.com/njasm/marionette_client/client.go:291.16,293.3 1 0
github.com/njasm/marionette_client/client.go:299.65,301.16 2 1
github.com/njasm/marionette_client/client.go:305.2,305.15 1 1
github.com/njasm/marionette_client/client.go:301.16,303.3 1 0
github.com/njasm/marionette_client/client.go:308.52,310.16 2 1
github.com/njasm/marionette_client/client.go:314.2,316.16 3 1
github.com/njasm/marionette_client/client.go:320.2,320.15 1 1
github.com/njasm/marionette_client/client.go:310.16,312.3 1 0
github.com/njasm/marionette_client/client.go:316.16,318.3 1 0
github.com/njasm/marionette_client/client.go:323.52,325.16 2 24
github.com/njasm/marionette_client/client.go:329.2,329.12 1 24
github.com/njasm/marionette_client/client.go:325.16,327.3 1 0
github.com/njasm/marionette_client/client.go:332.53,334.16 2 1
github.com/njasm/marionette_client/client.go:338.2,340.16 3 1
github.com/njasm/marionette_client/client.go:344.2,344.8 1 1
github.com/njasm/marionette_client/client.go:334.16,336.3 1 0
github.com/njasm/marionette_client/client.go:340.16,342.3 1 0
github.com/njasm/marionette_client/client.go:347.63,349.16 2 0
github.com/njasm/marionette_client/client.go:353.2,355.16 3 0
github.com/njasm/marionette_client/client.go:359.2,359.8 1 0
github.com/njasm/marionette_client/client.go:349.16,351.3 1 0
github.com/njasm/marionette_client/client.go:355.16,357.3 1 0
github.com/njasm/marionette_client/client.go:362.41,364.16 2 0
github.com/njasm/marionette_client/client.go:368.2,368.12 1 0
github.com/njasm/marionette_client/client.go:364.16,366.3 1 0
github.com/njasm/marionette_client/client.go:371.51,373.16 2 0
github.com/njasm/marionette_client/client.go:377.2,377.15 1 0
github.com/njasm/marionette_client/client.go:373.16,375.3 1 0
github.com/njasm/marionette_client/client.go:384.53,386.16 2 1
github.com/njasm/marionette_client/client.go:390.2,392.16 3 1
github.com/njasm/marionette_client/client.go:396.2,396.15 1 1
github.com/njasm/marionette_client/client.go:386.16,388.3 1 0
github.com/njasm/marionette_client/client.go:392.16,394.3 1 0
github.com/njasm/marionette_client/client.go:400.59,406.16 2 1
github.com/njasm/marionette_client/client.go:410.2,411.16 2 1
github.com/njasm/marionette_client/client.go:415.2,415.12 1 1
github.com/njasm/marionette_client/client.go:406.16,408.3 1 0
github.com/njasm/marionette_client/client.go:411.16,413.3 1 0
github.com/njasm/marionette_client/client.go:418.46,420.16 2 1
github.com/njasm/marionette_client/client.go:424.2,424.12 1 1
github.com/njasm/marionette_client/client.go:420.16,422.3 1 0
github.com/njasm/marionette_client/client.go:432.47,434.16 2 1
github.com/njasm/marionette_client/client.go:438.2,438.15 1 1
github.com/njasm/marionette_client/client.go:434.16,436.3 1 0
github.com/njasm/marionette_client/client.go:442.57,444.16 2 1
github.com/njasm/marionette_client/client.go:448.2,448.15 1 1
github.com/njasm/marionette_client/client.go:444.16,446.3 1 0
github.com/njasm/marionette_client/client.go:455.50,457.16 2 1
github.com/njasm/marionette_client/client.go:461.2,461.52 1 1
github.com/njasm/marionette_client/client.go:457.16,459.3 1 0
github.com/njasm/marionette_client/client.go:464.51,466.16 2 1
github.com/njasm/marionette_client/client.go:470.2,470.52 1 1
github.com/njasm/marionette_client/client.go:466.16,468.3 1 0
github.com/njasm/marionette_client/client.go:473.52,475.16 2 1
github.com/njasm/marionette_client/client.go:479.2,479.52 1 1
github.com/njasm/marionette_client/client.go:475.16,477.3 1 0
github.com/njasm/marionette_client/client.go:482.53,484.16 2 1
github.com/njasm/marionette_client/client.go:488.2,491.19 3 1
github.com/njasm/marionette_client/client.go:484.16,486.3 1 0
github.com/njasm/marionette_client/client.go:494.50,496.16 2 1
github.com/njasm/marionette_client/client.go:500.2,503.19 3 1
github.com/njasm/marionette_client/client.go:496.16,498.3 1 0
github.com/njasm/marionette_client/client.go:506.68,508.16 2 1
github.com/njasm/marionette_client/client.go:512.2,515.19 3 1
github.com/njasm/marionette_client/client.go:508.16,510.3 1 0
github.com/njasm/marionette_client/client.go:518.79,520.16 2 1
github.com/njasm/marionette_client/client.go:524.2,527.19 3 1
github.com/njasm/marionette_client/client.go:520.16,522.3 1 0
github.com/njasm/marionette_client/client.go:530.65,532.16 2 3
github.com/njasm/marionette_client/client.go:536.2,538.16 3 3
github.com/njasm/marionette_client/client.go:542.2,542.15 1 3
github.com/njasm/marionette_client/client.go:532.16,534.3 1 0
github.com/njasm/marionette_client/client.go:538.16,540.3 1 0
github.com/njasm/marionette_client/client.go:545.41,547.16 2 2
github.com/njasm/marionette_client/client.go:551.2,552.37 2 2
github.com/njasm/marionette_client/client.go:547.16,549.3 1 0
github.com/njasm/marionette_client/client.go:557.59,559.25 2 1
github.com/njasm/marionette_client/client.go:563.2,564.16 2 1
github.com/njasm/marionette_client/client.go:568.2,569.37 2 0
github.com/njasm/marionette_client/client.go:559.25,561.3 1 5
github.com/njasm/marionette_client/client.go:564.16,566.3 1 1
github.com/njasm/marionette_client/client.go:574.41,576.16 2 0
github.com/njasm/marionette_client/client.go:580.2,581.37 2 0
github.com/njasm/marionette_client/client.go:576.16,578.3 1 0
github.com/njasm/marionette_client/client.go:592.75,594.2 1 1
github.com/njasm/marionette_client/client.go:596.93,598.42 2 2
github.com/njasm/marionette_client/client.go:604.2,605.16 2 2
github.com/njasm/marionette_client/client.go:609.2,611.16 3 2
github.com/njasm/marionette_client/client.go:615.2,616.22 2 2
github.com/njasm/marionette_client/client.go:620.2,620.15 1 2
github.com/njasm/marionette_client/client.go:598.42,600.3 1 1
github.com/njasm/marionette_client/client.go:600.3,602.3 1 1
github.com/njasm/marionette_client/client.go:605.16,607.3 1 0
github.com/njasm/marionette_client/client.go:611.16,613.3 1 0
github.com/njasm/marionette_client/client.go:616.22,618.3 1 139
github.com/njasm/marionette_client/client.go:631.72,633.2 1 6
github.com/njasm/marionette_client/client.go:635.90,637.42 2 6
github.com/njasm/marionette_client/client.go:643.2,644.16 2 6
github.com/njasm/marionette_client/client.go:648.2,650.16 3 5
github.com/njasm/marionette_client/client.go:654.2,654.15 1 5
github.com/njasm/marionette_client/client.go:637.42,639.3 1 6
github.com/njasm/marionette_client/client.go:639.3,641.3 1 0
github.com/njasm/marionette_client/client.go:644.16,646.3 1 1
github.com/njasm/marionette_client/client.go:650.16,652.3 1 0
github.com/njasm/marionette_client/client.go:657.67,659.42 2 2
github.com/njasm/marionette_client/client.go:665.2,666.16 2 2
github.com/njasm/marionette_client/client.go:670.2,670.21 1 2
github.com/njasm/marionette_client/client.go:659.42,661.3 1 1
github.com/njasm/marionette_client/client.go:661.3,663.3 1 1
github.com/njasm/marionette_client/client.go:666.16,668.3 1 0
github.com/njasm/marionette_client/client.go:677.50,679.16 2 1
github.com/njasm/marionette_client/client.go:683.2,683.22 1 1
github.com/njasm/marionette_client/client.go:679.16,681.3 1 0
github.com/njasm/marionette_client/client.go:686.117,695.16 7 5
github.com/njasm/marionette_client/client.go:699.2,699.22 1 5
github.com/njasm/marionette_client/client.go:695.16,697.3 1 0
github.com/njasm/marionette_client/client.go:706.40,708.16 2 1
github.com/njasm/marionette_client/client.go:712.2,712.12 1 1
github.com/njasm/marionette_client/client.go:708.16,710.3 1 0
github.com/njasm/marionette_client/client.go:715.39,717.16 2 1
github.com/njasm/marionette_client/client.go:721.2,721.12 1 1
github.com/njasm/marionette_client/client.go:717.16,719.3 1 0
github.com/njasm/marionette_client/client.go:724.51,726.16 2 1
github.com/njasm/marionette_client/client.go:730.2,733.24 3 1
github.com/njasm/marionette_client/client.go:726.16,728.3 1 0
github.com/njasm/marionette_client/client.go:736.54,738.25 2 0
github.com/njasm/marionette_client/client.go:742.2,743.16 2 0
github.com/njasm/marionette_client/client.go:747.2,747.12 1 0
github.com/njasm/marionette_client/client.go:738.25,740.3 1 0
github.com/njasm/marionette_client/client.go:743.16,745.3 1 0
github.com/njasm/marionette_client/client.go:754.55,756.16 2 0
github.com/njasm/marionette_client/client.go:760.2,760.15 1 0
github.com/njasm/marionette_client/client.go:756.16,758.3 1 0
github.com/njasm/marionette_client/client.go:763.47,765.2 1 1
github.com/njasm/marionette_client/context.go:16.34,18.2 1 6
github.com/njasm/marionette_client/expected.go:3.86,4.51 1 1
github.com/njasm/marionette_client/expected.go:4.51,7.15 3 1
github.com/njasm/marionette_client/expected.go:11.3,11.22 1 1
github.com/njasm/marionette_client/expected.go:7.15,9.4 1 0
github.com/njasm/marionette_client/expected.go:15.89,16.51 1 1
github.com/njasm/marionette_client/expected.go:16.51,19.15 3 1
github.com/njasm/marionette_client/expected.go:23.3,23.22 1 1
github.com/njasm/marionette_client/expected.go:19.15,21.4 1 1
github.com/njasm/marionette_client/proto.go:11.68,15.44 1 1
github.com/njasm/marionette_client/proto.go:19.2,21.27 2 0
github.com/njasm/marionette_client/proto.go:15.44,17.3 1 1
github.com/njasm/marionette_client/proto.go:39.106,47.16 7 93
github.com/njasm/marionette_client/proto.go:51.2,51.24 1 93
github.com/njasm/marionette_client/proto.go:55.2,55.60 1 93
github.com/njasm/marionette_client/proto.go:47.16,49.3 1 0
github.com/njasm/marionette_client/proto.go:51.24,53.3 1 93
github.com/njasm/marionette_client/proto.go:59.70,61.48 2 93
github.com/njasm/marionette_client/proto.go:66.2,66.24 1 93
github.com/njasm/marionette_client/proto.go:75.2,79.17 3 93
github.com/njasm/marionette_client/proto.go:100.2,101.11 2 91
github.com/njasm/marionette_client/proto.go:110.2,110.12 1 91
github.com/njasm/marionette_client/proto.go:125.2,125.12 1 91
github.com/njasm/marionette_client/proto.go:61.48,63.3 1 0
github.com/njasm/marionette_client/proto.go:66.24,67.22 1 93
github.com/njasm/marionette_client/proto.go:67.22,69.4 1 6
github.com/njasm/marionette_client/proto.go:69.4,71.4 1 87
github.com/njasm/marionette_client/proto.go:79.17,81.57 2 2
github.com/njasm/marionette_client/proto.go:96.3,96.12 1 2
github.com/njasm/marionette_client/proto.go:81.57,82.22 1 6
github.com/njasm/marionette_client/proto.go:86.4,86.24 1 6
github.com/njasm/marionette_client/proto.go:90.4,90.43 1 6
github.com/njasm/marionette_client/proto.go:82.22,84.5 1 2
github.com/njasm/marionette_client/proto.go:86.24,88.5 1 2
github.com/njasm/marionette_client/proto.go:90.43,93.5 2 2
github.com/njasm/marionette_client/proto.go:101.11,103.17 2 85
github.com/njasm/marionette_client/proto.go:107.3,107.32 1 85
github.com/njasm/marionette_client/proto.go:103.17,105.4 1 0
github.com/njasm/marionette_client/proto.go:110.12,113.12 2 6
github.com/njasm/marionette_client/proto.go:113.12,115.18 2 6
github.com/njasm/marionette_client/proto.go:119.4,119.33 1 6
github.com/njasm/marionette_client/proto.go:115.18,117.5 1 0
github.com/njasm/marionette_client/transport.go:36.47,38.2 1 93
github.com/njasm/marionette_client/transport.go:40.68,41.19 1 1
github.com/njasm/marionette_client/transport.go:45.2,45.16 1 1
github.com/njasm/marionette_client/transport.go:49.2,49.15 1 1
github.com/njasm/marionette_client/transport.go:53.2,55.16 3 1
github.com/njasm/marionette_client/transport.go:59.2,62.16 4 1
github.com/njasm/marionette_client/transport.go:66.2,67.16 2 1
github.com/njasm/marionette_client/transport.go:71.2,72.16 2 1
github.com/njasm/marionette_client/transport.go:76.2,78.12 2 1
github.com/njasm/marionette_client/transport.go:41.19,43.3 1 0
github.com/njasm/marionette_client/transport.go:45.16,47.3 1 1
github.com/njasm/marionette_client/transport.go:49.15,51.3 1 1
github.com/njasm/marionette_client/transport.go:55.16,57.3 1 0
github.com/njasm/marionette_client/transport.go:62.16,64.3 1 0
github.com/njasm/marionette_client/transport.go:67.16,69.3 1 0
github.com/njasm/marionette_client/transport.go:72.16,74.3 1 0
github.com/njasm/marionette_client/transport.go:81.45,83.16 2 0
github.com/njasm/marionette_client/transport.go:87.2,88.12 2 0
github.com/njasm/marionette_client/transport.go:83.16,85.3 1 0
github.com/njasm/marionette_client/transport.go:91.91,94.16 3 93
github.com/njasm/marionette_client/transport.go:98.2,99.16 2 93
github.com/njasm/marionette_client/transport.go:103.2,104.16 2 93
github.com/njasm/marionette_client/transport.go:109.2,109.24 1 93
github.com/njasm/marionette_client/transport.go:118.2,120.16 3 93
github.com/njasm/marionette_client/transport.go:124.2,124.18 1 91
github.com/njasm/marionette_client/transport.go:94.16,96.3 1 0
github.com/njasm/marionette_client/transport.go:99.16,101.3 1 0
github.com/njasm/marionette_client/transport.go:104.16,106.3 1 0
github.com/njasm/marionette_client/transport.go:109.24,110.22 1 93
github.com/njasm/marionette_client/transport.go:110.22,112.4 1 0
github.com/njasm/marionette_client/transport.go:112.4,114.4 1 93
github.com/njasm/marionette_client/transport.go:120.16,122.3 1 2
github.com/njasm/marionette_client/transport.go:127.47,129.2 1 93
github.com/njasm/marionette_client/transport.go:131.57,133.2 1 94
github.com/njasm/marionette_client/transport.go:141.39,143.16 2 94
github.com/njasm/marionette_client/transport.go:147.2,149.16 3 94
github.com/njasm/marionette_client/transport.go:153.2,153.20 1 94
github.com/njasm/marionette_client/transport.go:143.16,145.3 1 0
github.com/njasm/marionette_client/transport.go:149.16,151.3 1 0
github.com/njasm/marionette_client/transport.go:160.45,163.6 3 94
github.com/njasm/marionette_client/transport.go:163.6,165.17 2 311
github.com/njasm/marionette_client/transport.go:171.3,171.25 1 311
github.com/njasm/marionette_client/transport.go:177.3,178.17 2 94
github.com/njasm/marionette_client/transport.go:182.3,182.22 1 94
github.com/njasm/marionette_client/transport.go:165.17,166.21 1 0
github.com/njasm/marionette_client/transport.go:166.21,168.5 1 0
github.com/njasm/marionette_client/transport.go:171.25,173.12 2 217
github.com/njasm/marionette_client/transport.go:178.17,180.4 1 0
github.com/njasm/marionette_client/webelement.go:27.34,29.2 1 3
github.com/njasm/marionette_client/webelement.go:31.76,33.2 1 0
github.com/njasm/marionette_client/webelement.go:35.79,37.2 1 1
github.com/njasm/marionette_client/webelement.go:39.37,41.2 1 1
github.com/njasm/marionette_client/webelement.go:43.38,45.2 1 1
github.com/njasm/marionette_client/webelement.go:47.39,49.2 1 1
github.com/njasm/marionette_client/webelement.go:51.39,53.2 1 1
github.com/njasm/marionette_client/webelement.go:55.36,57.2 1 1
github.com/njasm/marionette_client/webelement.go:59.52,61.2 1 1
github.com/njasm/marionette_client/webelement.go:63.55,65.2 1 1
github.com/njasm/marionette_client/webelement.go:67.51,69.2 1 1
github.com/njasm/marionette_client/webelement.go:71.30,73.2 1 2
github.com/njasm/marionette_client/webelement.go:75.44,77.2 1 1
github.com/njasm/marionette_client/webelement.go:79.30,81.2 1 0
github.com/njasm/marionette_client/webelement.go:83.49,85.16 2 1
github.com/njasm/marionette_client/webelement.go:89.2,89.22 1 1
github.com/njasm/marionette_client/webelement.go:85.16,87.3 1 0
github.com/njasm/marionette_client/webelement.go:92.44,94.16 2 1
github.com/njasm/marionette_client/webelement.go:98.2,98.21 1 1
github.com/njasm/marionette_client/webelement.go:94.16,96.3 1 0
github.com/njasm/marionette_client/webelement.go:101.51,104.2 2 1
github.com/njasm/marionette_client/webelement.go:106.55,109.16 3 6
github.com/njasm/marionette_client/webelement.go:124.2,126.12 2 6
github.com/njasm/marionette_client/webelement.go:109.16,115.17 3 0
github.com/njasm/marionette_client/webelement.go:119.3,121.13 2 0
github.com/njasm/marionette_client/webelement.go:115.17,117.4 1 0
